{"D:\\DESARROLLO\\TypeScript\\cornell-extension\\src\\App.ts": {"path":"D:\\DESARROLLO\\TypeScript\\cornell-extension\\src\\App.ts","statementMap":{"0":{"start":{"line":2,"column":0},"end":{"line":2,"column":30}},"1":{"start":{"line":3,"column":0},"end":{"line":3,"column":35}},"2":{"start":{"line":5,"column":27},"end":{"line":5,"column":78}},"3":{"start":{"line":6,"column":27},"end":{"line":6,"column":78}},"4":{"start":{"line":7,"column":32},"end":{"line":7,"column":86}},"5":{"start":{"line":8,"column":33},"end":{"line":8,"column":88}},"6":{"start":{"line":9,"column":32},"end":{"line":9,"column":86}},"7":{"start":{"line":10,"column":33},"end":{"line":10,"column":88}},"8":{"start":{"line":11,"column":31},"end":{"line":11,"column":87}},"9":{"start":{"line":12,"column":33},"end":{"line":12,"column":85}},"10":{"start":{"line":13,"column":35},"end":{"line":13,"column":90}},"11":{"start":{"line":14,"column":38},"end":{"line":14,"column":95}},"12":{"start":{"line":15,"column":33},"end":{"line":15,"column":88}},"13":{"start":{"line":16,"column":31},"end":{"line":16,"column":87}},"14":{"start":{"line":17,"column":20},"end":{"line":17,"column":22}},"15":{"start":{"line":18,"column":28},"end":{"line":18,"column":32}},"16":{"start":{"line":21,"column":11},"end":{"line":21,"column":30}},"17":{"start":{"line":80,"column":4},"end":{"line":82,"column":null}},"18":{"start":{"line":81,"column":8},"end":{"line":81,"column":35}},"19":{"start":{"line":23,"column":8},"end":{"line":23,"column":73}},"20":{"start":{"line":27,"column":20},"end":{"line":27,"column":58}},"21":{"start":{"line":27,"column":46},"end":{"line":27,"column":57}},"22":{"start":{"line":28,"column":8},"end":{"line":30,"column":null}},"23":{"start":{"line":29,"column":12},"end":{"line":29,"column":40}},"24":{"start":{"line":34,"column":8},"end":{"line":34,"column":89}},"25":{"start":{"line":34,"column":79},"end":{"line":34,"column":86}},"26":{"start":{"line":38,"column":8},"end":{"line":51,"column":null}},"27":{"start":{"line":39,"column":12},"end":{"line":41,"column":null}},"28":{"start":{"line":39,"column":25},"end":{"line":39,"column":45}},"29":{"start":{"line":40,"column":16},"end":{"line":40,"column":34}},"30":{"start":{"line":42,"column":12},"end":{"line":50,"column":15}},"31":{"start":{"line":43,"column":30},"end":{"line":43,"column":81}},"32":{"start":{"line":44,"column":16},"end":{"line":44,"column":48}},"33":{"start":{"line":45,"column":16},"end":{"line":47,"column":116}},"34":{"start":{"line":48,"column":16},"end":{"line":48,"column":42}},"35":{"start":{"line":49,"column":16},"end":{"line":49,"column":38}},"36":{"start":{"line":55,"column":28},"end":{"line":55,"column":88}},"37":{"start":{"line":56,"column":8},"end":{"line":59,"column":12}},"38":{"start":{"line":56,"column":42},"end":{"line":59,"column":10}},"39":{"start":{"line":57,"column":12},"end":{"line":57,"column":70}},"40":{"start":{"line":58,"column":12},"end":{"line":58,"column":35}},"41":{"start":{"line":64,"column":8},"end":{"line":66,"column":null}},"42":{"start":{"line":65,"column":12},"end":{"line":65,"column":72}},"43":{"start":{"line":70,"column":26},"end":{"line":70,"column":62}},"44":{"start":{"line":71,"column":8},"end":{"line":73,"column":null}},"45":{"start":{"line":72,"column":12},"end":{"line":72,"column":51}},"46":{"start":{"line":74,"column":8},"end":{"line":74,"column":21}},"47":{"start":{"line":78,"column":8},"end":{"line":78,"column":36}},"48":{"start":{"line":85,"column":8},"end":{"line":101,"column":null}},"49":{"start":{"line":86,"column":12},"end":{"line":88,"column":null}},"50":{"start":{"line":86,"column":25},"end":{"line":86,"column":47}},"51":{"start":{"line":87,"column":16},"end":{"line":87,"column":36}},"52":{"start":{"line":89,"column":12},"end":{"line":100,"column":15}},"53":{"start":{"line":90,"column":30},"end":{"line":90,"column":81}},"54":{"start":{"line":91,"column":16},"end":{"line":91,"column":48}},"55":{"start":{"line":92,"column":16},"end":{"line":96,"column":140}},"56":{"start":{"line":94,"column":38},"end":{"line":94,"column":51}},"57":{"start":{"line":97,"column":16},"end":{"line":97,"column":44}},"58":{"start":{"line":98,"column":16},"end":{"line":98,"column":34}},"59":{"start":{"line":99,"column":16},"end":{"line":99,"column":32}},"60":{"start":{"line":105,"column":28},"end":{"line":105,"column":91}},"61":{"start":{"line":106,"column":8},"end":{"line":109,"column":12}},"62":{"start":{"line":106,"column":42},"end":{"line":109,"column":10}},"63":{"start":{"line":107,"column":12},"end":{"line":107,"column":64}},"64":{"start":{"line":108,"column":12},"end":{"line":108,"column":35}},"65":{"start":{"line":113,"column":8},"end":{"line":120,"column":null}},"66":{"start":{"line":114,"column":24},"end":{"line":114,"column":67}},"67":{"start":{"line":114,"column":55},"end":{"line":114,"column":66}},"68":{"start":{"line":115,"column":12},"end":{"line":119,"column":null}},"69":{"start":{"line":116,"column":31},"end":{"line":116,"column":46}},"70":{"start":{"line":117,"column":16},"end":{"line":117,"column":42}},"71":{"start":{"line":118,"column":16},"end":{"line":118,"column":40}},"72":{"start":{"line":124,"column":26},"end":{"line":124,"column":82}},"73":{"start":{"line":125,"column":8},"end":{"line":127,"column":12}},"74":{"start":{"line":125,"column":38},"end":{"line":127,"column":10}},"75":{"start":{"line":126,"column":12},"end":{"line":126,"column":62}},"76":{"start":{"line":131,"column":8},"end":{"line":143,"column":null}},"77":{"start":{"line":132,"column":26},"end":{"line":132,"column":64}},"78":{"start":{"line":132,"column":52},"end":{"line":132,"column":63}},"79":{"start":{"line":133,"column":12},"end":{"line":142,"column":null}},"80":{"start":{"line":134,"column":16},"end":{"line":134,"column":36}},"81":{"start":{"line":135,"column":16},"end":{"line":135,"column":47}},"82":{"start":{"line":136,"column":16},"end":{"line":136,"column":43}},"83":{"start":{"line":137,"column":16},"end":{"line":137,"column":45}},"84":{"start":{"line":138,"column":16},"end":{"line":138,"column":51}},"85":{"start":{"line":139,"column":16},"end":{"line":139,"column":41}},"86":{"start":{"line":140,"column":16},"end":{"line":140,"column":38}},"87":{"start":{"line":141,"column":16},"end":{"line":141,"column":40}},"88":{"start":{"line":20,"column":0},"end":{"line":20,"column":21}},"89":{"start":{"line":149,"column":13},"end":{"line":191,"column":1}},"90":{"start":{"line":150,"column":14},"end":{"line":150,"column":23}},"91":{"start":{"line":151,"column":4},"end":{"line":151,"column":25}},"92":{"start":{"line":152,"column":4},"end":{"line":152,"column":27}},"93":{"start":{"line":153,"column":4},"end":{"line":159,"column":null}},"94":{"start":{"line":154,"column":8},"end":{"line":158,"column":null}},"95":{"start":{"line":155,"column":12},"end":{"line":155,"column":50}},"96":{"start":{"line":156,"column":12},"end":{"line":156,"column":36}},"97":{"start":{"line":157,"column":12},"end":{"line":157,"column":48}},"98":{"start":{"line":160,"column":4},"end":{"line":177,"column":null}},"99":{"start":{"line":161,"column":8},"end":{"line":176,"column":null}},"100":{"start":{"line":162,"column":23},"end":{"line":162,"column":118}},"101":{"start":{"line":163,"column":12},"end":{"line":165,"column":null}},"102":{"start":{"line":164,"column":16},"end":{"line":164,"column":39}},"103":{"start":{"line":166,"column":12},"end":{"line":171,"column":null}},"104":{"start":{"line":167,"column":28},"end":{"line":167,"column":74}},"105":{"start":{"line":167,"column":58},"end":{"line":167,"column":73}},"106":{"start":{"line":168,"column":16},"end":{"line":168,"column":36}},"107":{"start":{"line":170,"column":16},"end":{"line":170,"column":33}},"108":{"start":{"line":172,"column":12},"end":{"line":172,"column":32}},"109":{"start":{"line":173,"column":12},"end":{"line":173,"column":35}},"110":{"start":{"line":174,"column":12},"end":{"line":174,"column":33}},"111":{"start":{"line":175,"column":12},"end":{"line":175,"column":34}},"112":{"start":{"line":178,"column":4},"end":{"line":183,"column":null}},"113":{"start":{"line":179,"column":8},"end":{"line":182,"column":null}},"114":{"start":{"line":180,"column":12},"end":{"line":180,"column":33}},"115":{"start":{"line":181,"column":12},"end":{"line":181,"column":35}},"116":{"start":{"line":184,"column":4},"end":{"line":190,"column":null}},"117":{"start":{"line":185,"column":8},"end":{"line":189,"column":null}},"118":{"start":{"line":186,"column":12},"end":{"line":186,"column":34}},"119":{"start":{"line":187,"column":12},"end":{"line":187,"column":35}},"120":{"start":{"line":188,"column":12},"end":{"line":188,"column":33}},"121":{"start":{"line":193,"column":0},"end":{"line":193,"column":52}}},"fnMap":{"0":{"name":"(anonymous_0)","decl":{"start":{"line":20,"column":0},"end":{"line":20,"column":21}},"loc":{"start":{"line":20,"column":0},"end":{"line":145,"column":1}}},"1":{"name":"(anonymous_1)","decl":{"start":{"line":80,"column":16},"end":{"line":80,"column":17}},"loc":{"start":{"line":80,"column":37},"end":{"line":82,"column":5}}},"2":{"name":"(anonymous_2)","decl":{"start":{"line":22,"column":4},"end":{"line":22,"column":7}},"loc":{"start":{"line":22,"column":24},"end":{"line":24,"column":5}}},"3":{"name":"(anonymous_3)","decl":{"start":{"line":26,"column":4},"end":{"line":26,"column":10}},"loc":{"start":{"line":26,"column":21},"end":{"line":31,"column":5}}},"4":{"name":"(anonymous_4)","decl":{"start":{"line":27,"column":41},"end":{"line":27,"column":42}},"loc":{"start":{"line":27,"column":46},"end":{"line":27,"column":57}}},"5":{"name":"(anonymous_5)","decl":{"start":{"line":33,"column":4},"end":{"line":33,"column":9}},"loc":{"start":{"line":33,"column":9},"end":{"line":35,"column":5}}},"6":{"name":"(anonymous_6)","decl":{"start":{"line":34,"column":71},"end":{"line":34,"column":75}},"loc":{"start":{"line":34,"column":79},"end":{"line":34,"column":86}}},"7":{"name":"(anonymous_7)","decl":{"start":{"line":37,"column":4},"end":{"line":37,"column":15}},"loc":{"start":{"line":37,"column":45},"end":{"line":52,"column":5}}},"8":{"name":"(anonymous_8)","decl":{"start":{"line":42,"column":31},"end":{"line":42,"column":32}},"loc":{"start":{"line":42,"column":46},"end":{"line":50,"column":13}}},"9":{"name":"(anonymous_9)","decl":{"start":{"line":54,"column":4},"end":{"line":54,"column":14}},"loc":{"start":{"line":54,"column":44},"end":{"line":60,"column":5}}},"10":{"name":"(anonymous_10)","decl":{"start":{"line":56,"column":28},"end":{"line":56,"column":38}},"loc":{"start":{"line":56,"column":42},"end":{"line":59,"column":10}}},"11":{"name":"(anonymous_11)","decl":{"start":{"line":56,"column":79},"end":{"line":56,"column":80}},"loc":{"start":{"line":56,"column":85},"end":{"line":59,"column":9}}},"12":{"name":"(anonymous_12)","decl":{"start":{"line":63,"column":4},"end":{"line":63,"column":12}},"loc":{"start":{"line":63,"column":26},"end":{"line":67,"column":5}}},"13":{"name":"(anonymous_13)","decl":{"start":{"line":69,"column":4},"end":{"line":69,"column":12}},"loc":{"start":{"line":69,"column":12},"end":{"line":75,"column":5}}},"14":{"name":"(anonymous_14)","decl":{"start":{"line":77,"column":4},"end":{"line":77,"column":11}},"loc":{"start":{"line":77,"column":28},"end":{"line":79,"column":5}}},"15":{"name":"(anonymous_15)","decl":{"start":{"line":84,"column":4},"end":{"line":84,"column":19}},"loc":{"start":{"line":84,"column":19},"end":{"line":102,"column":5}}},"16":{"name":"(anonymous_16)","decl":{"start":{"line":89,"column":36},"end":{"line":89,"column":37}},"loc":{"start":{"line":89,"column":51},"end":{"line":100,"column":13}}},"17":{"name":"(anonymous_17)","decl":{"start":{"line":94,"column":33},"end":{"line":94,"column":34}},"loc":{"start":{"line":94,"column":38},"end":{"line":94,"column":51}}},"18":{"name":"(anonymous_18)","decl":{"start":{"line":104,"column":4},"end":{"line":104,"column":14}},"loc":{"start":{"line":104,"column":14},"end":{"line":110,"column":5}}},"19":{"name":"(anonymous_19)","decl":{"start":{"line":106,"column":28},"end":{"line":106,"column":38}},"loc":{"start":{"line":106,"column":42},"end":{"line":109,"column":10}}},"20":{"name":"(anonymous_20)","decl":{"start":{"line":106,"column":79},"end":{"line":106,"column":80}},"loc":{"start":{"line":106,"column":85},"end":{"line":109,"column":9}}},"21":{"name":"(anonymous_21)","decl":{"start":{"line":112,"column":4},"end":{"line":112,"column":14}},"loc":{"start":{"line":112,"column":32},"end":{"line":121,"column":5}}},"22":{"name":"(anonymous_22)","decl":{"start":{"line":114,"column":50},"end":{"line":114,"column":51}},"loc":{"start":{"line":114,"column":55},"end":{"line":114,"column":66}}},"23":{"name":"(anonymous_23)","decl":{"start":{"line":123,"column":4},"end":{"line":123,"column":12}},"loc":{"start":{"line":123,"column":12},"end":{"line":128,"column":5}}},"24":{"name":"(anonymous_24)","decl":{"start":{"line":125,"column":26},"end":{"line":125,"column":34}},"loc":{"start":{"line":125,"column":38},"end":{"line":127,"column":10}}},"25":{"name":"(anonymous_25)","decl":{"start":{"line":125,"column":73},"end":{"line":125,"column":74}},"loc":{"start":{"line":125,"column":79},"end":{"line":127,"column":9}}},"26":{"name":"(anonymous_26)","decl":{"start":{"line":130,"column":4},"end":{"line":130,"column":14}},"loc":{"start":{"line":130,"column":32},"end":{"line":144,"column":5}}},"27":{"name":"(anonymous_27)","decl":{"start":{"line":132,"column":47},"end":{"line":132,"column":48}},"loc":{"start":{"line":132,"column":52},"end":{"line":132,"column":63}}},"28":{"name":"(anonymous_28)","decl":{"start":{"line":149,"column":13},"end":{"line":149,"column":14}},"loc":{"start":{"line":149,"column":26},"end":{"line":191,"column":1}}},"29":{"name":"(anonymous_29)","decl":{"start":{"line":154,"column":26},"end":{"line":154,"column":27}},"loc":{"start":{"line":154,"column":32},"end":{"line":158,"column":9}}},"30":{"name":"(anonymous_30)","decl":{"start":{"line":161,"column":26},"end":{"line":161,"column":27}},"loc":{"start":{"line":161,"column":32},"end":{"line":176,"column":9}}},"31":{"name":"(anonymous_31)","decl":{"start":{"line":167,"column":53},"end":{"line":167,"column":54}},"loc":{"start":{"line":167,"column":58},"end":{"line":167,"column":73}}},"32":{"name":"(anonymous_32)","decl":{"start":{"line":179,"column":25},"end":{"line":179,"column":26}},"loc":{"start":{"line":179,"column":31},"end":{"line":182,"column":9}}},"33":{"name":"(anonymous_33)","decl":{"start":{"line":185,"column":26},"end":{"line":185,"column":27}},"loc":{"start":{"line":185,"column":32},"end":{"line":189,"column":9}}}},"branchMap":{"0":{"loc":{"start":{"line":28,"column":8},"end":{"line":30,"column":null}},"type":"if","locations":[{"start":{"line":28,"column":8},"end":{"line":30,"column":null}}]},"1":{"loc":{"start":{"line":34,"column":15},"end":{"line":34,"column":88}},"type":"cond-expr","locations":[{"start":{"line":34,"column":40},"end":{"line":34,"column":41}},{"start":{"line":34,"column":44},"end":{"line":34,"column":88}}]},"2":{"loc":{"start":{"line":38,"column":8},"end":{"line":51,"column":null}},"type":"if","locations":[{"start":{"line":38,"column":8},"end":{"line":51,"column":null}}]},"3":{"loc":{"start":{"line":64,"column":8},"end":{"line":66,"column":null}},"type":"if","locations":[{"start":{"line":64,"column":8},"end":{"line":66,"column":null}}]},"4":{"loc":{"start":{"line":71,"column":8},"end":{"line":73,"column":null}},"type":"if","locations":[{"start":{"line":71,"column":8},"end":{"line":73,"column":null}}]},"5":{"loc":{"start":{"line":85,"column":8},"end":{"line":101,"column":null}},"type":"if","locations":[{"start":{"line":85,"column":8},"end":{"line":101,"column":null}}]},"6":{"loc":{"start":{"line":113,"column":8},"end":{"line":120,"column":null}},"type":"if","locations":[{"start":{"line":113,"column":8},"end":{"line":120,"column":null}}]},"7":{"loc":{"start":{"line":115,"column":12},"end":{"line":119,"column":null}},"type":"if","locations":[{"start":{"line":115,"column":12},"end":{"line":119,"column":null}}]},"8":{"loc":{"start":{"line":131,"column":8},"end":{"line":143,"column":null}},"type":"if","locations":[{"start":{"line":131,"column":8},"end":{"line":143,"column":null}}]},"9":{"loc":{"start":{"line":133,"column":12},"end":{"line":142,"column":null}},"type":"if","locations":[{"start":{"line":133,"column":12},"end":{"line":142,"column":null}}]},"10":{"loc":{"start":{"line":153,"column":4},"end":{"line":159,"column":null}},"type":"if","locations":[{"start":{"line":153,"column":4},"end":{"line":159,"column":null}}]},"11":{"loc":{"start":{"line":155,"column":20},"end":{"line":155,"column":48}},"type":"cond-expr","locations":[{"start":{"line":155,"column":30},"end":{"line":155,"column":43}},{"start":{"line":155,"column":46},"end":{"line":155,"column":48}}]},"12":{"loc":{"start":{"line":157,"column":12},"end":{"line":157,"column":47}},"type":"cond-expr","locations":[{"start":{"line":157,"column":22},"end":{"line":157,"column":40}},{"start":{"line":157,"column":43},"end":{"line":157,"column":47}}]},"13":{"loc":{"start":{"line":160,"column":4},"end":{"line":177,"column":null}},"type":"if","locations":[{"start":{"line":160,"column":4},"end":{"line":177,"column":null}}]},"14":{"loc":{"start":{"line":162,"column":32},"end":{"line":162,"column":57}},"type":"cond-expr","locations":[{"start":{"line":162,"column":41},"end":{"line":162,"column":47}},{"start":{"line":162,"column":50},"end":{"line":162,"column":57}}]},"15":{"loc":{"start":{"line":163,"column":12},"end":{"line":165,"column":null}},"type":"if","locations":[{"start":{"line":163,"column":12},"end":{"line":165,"column":null}}]},"16":{"loc":{"start":{"line":166,"column":12},"end":{"line":171,"column":null}},"type":"if","locations":[{"start":{"line":166,"column":12},"end":{"line":171,"column":null}},{"start":{"line":169,"column":19},"end":{"line":171,"column":null}}]},"17":{"loc":{"start":{"line":178,"column":4},"end":{"line":183,"column":null}},"type":"if","locations":[{"start":{"line":178,"column":4},"end":{"line":183,"column":null}}]},"18":{"loc":{"start":{"line":184,"column":4},"end":{"line":190,"column":null}},"type":"if","locations":[{"start":{"line":184,"column":4},"end":{"line":190,"column":null}}]}},"s":{"0":1,"1":1,"2":1,"3":1,"4":1,"5":1,"6":1,"7":1,"8":1,"9":1,"10":1,"11":1,"12":1,"13":1,"14":1,"15":1,"16":11,"17":11,"18":1,"19":1,"20":2,"21":5,"22":2,"23":1,"24":3,"25":6,"26":1,"27":1,"28":1,"29":0,"30":1,"31":3,"32":3,"33":3,"34":3,"35":3,"36":3,"37":3,"38":3,"39":0,"40":0,"41":1,"42":1,"43":2,"44":2,"45":2,"46":0,"47":1,"48":0,"49":0,"50":0,"51":0,"52":0,"53":0,"54":0,"55":0,"56":0,"57":0,"58":0,"59":0,"60":0,"61":0,"62":0,"63":0,"64":0,"65":0,"66":0,"67":0,"68":0,"69":0,"70":0,"71":0,"72":0,"73":0,"74":0,"75":0,"76":0,"77":0,"78":0,"79":0,"80":0,"81":0,"82":0,"83":0,"84":0,"85":0,"86":0,"87":0,"88":1,"89":1,"90":0,"91":0,"92":0,"93":0,"94":0,"95":0,"96":0,"97":0,"98":0,"99":0,"100":0,"101":0,"102":0,"103":0,"104":0,"105":0,"106":0,"107":0,"108":0,"109":0,"110":0,"111":0,"112":0,"113":0,"114":0,"115":0,"116":0,"117":0,"118":0,"119":0,"120":0,"121":1},"f":{"0":11,"1":1,"2":1,"3":2,"4":5,"5":3,"6":6,"7":1,"8":3,"9":3,"10":3,"11":0,"12":1,"13":2,"14":1,"15":0,"16":0,"17":0,"18":0,"19":0,"20":0,"21":0,"22":0,"23":0,"24":0,"25":0,"26":0,"27":0,"28":0,"29":0,"30":0,"31":0,"32":0,"33":0},"b":{"0":[1],"1":[1,2],"2":[1],"3":[1],"4":[2],"5":[0],"6":[0],"7":[0],"8":[0],"9":[0],"10":[0],"11":[0,0],"12":[0,0],"13":[0],"14":[0,0],"15":[0],"16":[0,0],"17":[0],"18":[0]}}
,"D:\\DESARROLLO\\TypeScript\\cornell-extension\\src\\Note.ts": {"path":"D:\\DESARROLLO\\TypeScript\\cornell-extension\\src\\Note.ts","statementMap":{"0":{"start":{"line":11,"column":8},"end":{"line":11,"column":21}},"1":{"start":{"line":12,"column":8},"end":{"line":12,"column":27}},"2":{"start":{"line":13,"column":8},"end":{"line":13,"column":27}},"3":{"start":{"line":14,"column":8},"end":{"line":14,"column":25}},"4":{"start":{"line":15,"column":8},"end":{"line":15,"column":31}},"5":{"start":{"line":3,"column":0},"end":{"line":3,"column":13}}},"fnMap":{"0":{"name":"(anonymous_0)","decl":{"start":{"line":10,"column":4},"end":{"line":10,"column":16}},"loc":{"start":{"line":10,"column":87},"end":{"line":16,"column":5}}}},"branchMap":{},"s":{"0":0,"1":0,"2":0,"3":0,"4":0,"5":1},"f":{"0":0},"b":{}}
}
