TN:
SF:src\App.ts
FN:20,(anonymous_0)
FN:80,(anonymous_1)
FN:22,(anonymous_2)
FN:26,(anonymous_3)
FN:27,(anonymous_4)
FN:33,(anonymous_5)
FN:34,(anonymous_6)
FN:37,(anonymous_7)
FN:42,(anonymous_8)
FN:54,(anonymous_9)
FN:56,(anonymous_10)
FN:56,(anonymous_11)
FN:63,(anonymous_12)
FN:69,(anonymous_13)
FN:77,(anonymous_14)
FN:84,(anonymous_15)
FN:89,(anonymous_16)
FN:94,(anonymous_17)
FN:104,(anonymous_18)
FN:106,(anonymous_19)
FN:106,(anonymous_20)
FN:112,(anonymous_21)
FN:114,(anonymous_22)
FN:123,(anonymous_23)
FN:125,(anonymous_24)
FN:125,(anonymous_25)
FN:130,(anonymous_26)
FN:132,(anonymous_27)
FN:149,(anonymous_28)
FN:154,(anonymous_29)
FN:161,(anonymous_30)
FN:167,(anonymous_31)
FN:179,(anonymous_32)
FN:185,(anonymous_33)
FNF:34
FNH:14
FNDA:11,(anonymous_0)
FNDA:1,(anonymous_1)
FNDA:1,(anonymous_2)
FNDA:2,(anonymous_3)
FNDA:5,(anonymous_4)
FNDA:3,(anonymous_5)
FNDA:6,(anonymous_6)
FNDA:1,(anonymous_7)
FNDA:3,(anonymous_8)
FNDA:3,(anonymous_9)
FNDA:3,(anonymous_10)
FNDA:0,(anonymous_11)
FNDA:1,(anonymous_12)
FNDA:2,(anonymous_13)
FNDA:1,(anonymous_14)
FNDA:0,(anonymous_15)
FNDA:0,(anonymous_16)
FNDA:0,(anonymous_17)
FNDA:0,(anonymous_18)
FNDA:0,(anonymous_19)
FNDA:0,(anonymous_20)
FNDA:0,(anonymous_21)
FNDA:0,(anonymous_22)
FNDA:0,(anonymous_23)
FNDA:0,(anonymous_24)
FNDA:0,(anonymous_25)
FNDA:0,(anonymous_26)
FNDA:0,(anonymous_27)
FNDA:0,(anonymous_28)
FNDA:0,(anonymous_29)
FNDA:0,(anonymous_30)
FNDA:0,(anonymous_31)
FNDA:0,(anonymous_32)
FNDA:0,(anonymous_33)
DA:2,1
DA:3,1
DA:5,1
DA:6,1
DA:7,1
DA:8,1
DA:9,1
DA:10,1
DA:11,1
DA:12,1
DA:13,1
DA:14,1
DA:15,1
DA:16,1
DA:17,1
DA:18,1
DA:20,1
DA:21,11
DA:23,1
DA:27,5
DA:28,2
DA:29,1
DA:34,6
DA:38,1
DA:39,1
DA:40,0
DA:42,1
DA:43,3
DA:44,3
DA:45,3
DA:48,3
DA:49,3
DA:55,3
DA:56,3
DA:57,0
DA:58,0
DA:64,1
DA:65,1
DA:70,2
DA:71,2
DA:72,2
DA:74,0
DA:78,1
DA:80,11
DA:81,1
DA:85,0
DA:86,0
DA:87,0
DA:89,0
DA:90,0
DA:91,0
DA:92,0
DA:94,0
DA:97,0
DA:98,0
DA:99,0
DA:105,0
DA:106,0
DA:107,0
DA:108,0
DA:113,0
DA:114,0
DA:115,0
DA:116,0
DA:117,0
DA:118,0
DA:124,0
DA:125,0
DA:126,0
DA:131,0
DA:132,0
DA:133,0
DA:134,0
DA:135,0
DA:136,0
DA:137,0
DA:138,0
DA:139,0
DA:140,0
DA:141,0
DA:149,1
DA:150,0
DA:151,0
DA:152,0
DA:153,0
DA:154,0
DA:155,0
DA:156,0
DA:157,0
DA:160,0
DA:161,0
DA:162,0
DA:163,0
DA:164,0
DA:166,0
DA:167,0
DA:168,0
DA:170,0
DA:172,0
DA:173,0
DA:174,0
DA:175,0
DA:178,0
DA:179,0
DA:180,0
DA:181,0
DA:184,0
DA:185,0
DA:186,0
DA:187,0
DA:188,0
DA:193,1
LF:112
LH:43
BRDA:28,0,0,1
BRDA:34,1,0,1
BRDA:34,1,1,2
BRDA:38,2,0,1
BRDA:64,3,0,1
BRDA:71,4,0,2
BRDA:85,5,0,0
BRDA:113,6,0,0
BRDA:115,7,0,0
BRDA:131,8,0,0
BRDA:133,9,0,0
BRDA:153,10,0,0
BRDA:155,11,0,0
BRDA:155,11,1,0
BRDA:157,12,0,0
BRDA:157,12,1,0
BRDA:160,13,0,0
BRDA:162,14,0,0
BRDA:162,14,1,0
BRDA:163,15,0,0
BRDA:166,16,0,0
BRDA:166,16,1,0
BRDA:178,17,0,0
BRDA:184,18,0,0
BRF:24
BRH:6
end_of_record
TN:
SF:src\Note.ts
FN:10,(anonymous_0)
FNF:1
FNH:0
FNDA:0,(anonymous_0)
DA:3,1
DA:11,0
DA:12,0
DA:13,0
DA:14,0
DA:15,0
LF:6
LH:1
BRF:0
BRH:0
end_of_record
